<?xml version="1.0" encoding="UTF-8"?>
<testsuite xmlns:xsi="http://www.w3.org/2001/XMLSchema-instance" xsi:noNamespaceSchemaLocation="https://maven.apache.org/surefire/maven-surefire-plugin/xsd/surefire-test-report-3.0.xsd" version="3.0" name="SystemUserTest" time="0.143" tests="5" errors="0" skipped="0" failures="5">
  <properties>
[...]
</properties>
  <testcase name="test_SystemUser_findUserById" classname="SystemUserTest" time="0.052">
    <failure message="Exception thrown during safeOperation: Cannot invoke &quot;com.edgaritzak.gradeManagerSystem.service.SystemUserServiceImpl.findUserById(int)&quot; because &quot;this.systemUserImpl&quot; is null" type="org.opentest4j.AssertionFailedError"><![CDATA[org.opentest4j.AssertionFailedError: Exception thrown during safeOperation: Cannot invoke "com.edgaritzak.gradeManagerSystem.service.SystemUserServiceImpl.findUserById(int)" because "this.systemUserImpl" is null
	at org.junit.jupiter.api.AssertionUtils.fail(AssertionUtils.java:38)
	at org.junit.jupiter.api.Assertions.fail(Assertions.java:138)
	at SystemUserTest.test_SystemUser_findUserById(SystemUserTest.java:42)
	at java.base/java.lang.reflect.Method.invoke(Method.java:580)
	at java.base/java.util.ArrayList.forEach(ArrayList.java:1596)
	at java.base/java.util.ArrayList.forEach(ArrayList.java:1596)
]]></failure>
  </testcase>
  <testcase name="test_SystemUser_findStudentsByGroup" classname="SystemUserTest" time="0.005">
    <failure message="Exception thrown during safeOperation: Cannot invoke &quot;com.edgaritzak.gradeManagerSystem.service.SystemUserServiceImpl.findStudentsByGroup(int)&quot; because &quot;this.systemUserImpl&quot; is null" type="org.opentest4j.AssertionFailedError"><![CDATA[org.opentest4j.AssertionFailedError: Exception thrown during safeOperation: Cannot invoke "com.edgaritzak.gradeManagerSystem.service.SystemUserServiceImpl.findStudentsByGroup(int)" because "this.systemUserImpl" is null
	at org.junit.jupiter.api.AssertionUtils.fail(AssertionUtils.java:38)
	at org.junit.jupiter.api.Assertions.fail(Assertions.java:138)
	at SystemUserTest.test_SystemUser_findStudentsByGroup(SystemUserTest.java:27)
	at java.base/java.lang.reflect.Method.invoke(Method.java:580)
	at java.base/java.util.ArrayList.forEach(ArrayList.java:1596)
	at java.base/java.util.ArrayList.forEach(ArrayList.java:1596)
]]></failure>
  </testcase>
  <testcase name="test_SystemUser_findStudentsWithScoreByGroup" classname="SystemUserTest" time="0.005">
    <failure message="Exception thrown during safeOperation: Cannot invoke &quot;com.edgaritzak.gradeManagerSystem.service.SystemUserServiceImpl.findStudentsWithScoreByGroup(int)&quot; because &quot;this.systemUserImpl&quot; is null" type="org.opentest4j.AssertionFailedError"><![CDATA[org.opentest4j.AssertionFailedError: Exception thrown during safeOperation: Cannot invoke "com.edgaritzak.gradeManagerSystem.service.SystemUserServiceImpl.findStudentsWithScoreByGroup(int)" because "this.systemUserImpl" is null
	at org.junit.jupiter.api.AssertionUtils.fail(AssertionUtils.java:38)
	at org.junit.jupiter.api.Assertions.fail(Assertions.java:138)
	at SystemUserTest.test_SystemUser_findStudentsWithScoreByGroup(SystemUserTest.java:47)
	at java.base/java.lang.reflect.Method.invoke(Method.java:580)
	at java.base/java.util.ArrayList.forEach(ArrayList.java:1596)
	at java.base/java.util.ArrayList.forEach(ArrayList.java:1596)
]]></failure>
  </testcase>
  <testcase name="test_SystemUser_findTeacherById" classname="SystemUserTest" time="0.006">
    <failure message="Exception thrown during safeOperation: Cannot invoke &quot;com.edgaritzak.gradeManagerSystem.service.SystemUserServiceImpl.findTeacherById(int)&quot; because &quot;this.systemUserImpl&quot; is null" type="org.opentest4j.AssertionFailedError"><![CDATA[org.opentest4j.AssertionFailedError: Exception thrown during safeOperation: Cannot invoke "com.edgaritzak.gradeManagerSystem.service.SystemUserServiceImpl.findTeacherById(int)" because "this.systemUserImpl" is null
	at org.junit.jupiter.api.AssertionUtils.fail(AssertionUtils.java:38)
	at org.junit.jupiter.api.Assertions.fail(Assertions.java:138)
	at SystemUserTest.test_SystemUser_findTeacherById(SystemUserTest.java:32)
	at java.base/java.lang.reflect.Method.invoke(Method.java:580)
	at java.base/java.util.ArrayList.forEach(ArrayList.java:1596)
	at java.base/java.util.ArrayList.forEach(ArrayList.java:1596)
]]></failure>
  </testcase>
  <testcase name="test_SystemUser_findStudentById" classname="SystemUserTest" time="0.006">
    <failure message="Exception thrown during safeOperation: Cannot invoke &quot;com.edgaritzak.gradeManagerSystem.service.SystemUserServiceImpl.findStudentById(int)&quot; because &quot;this.systemUserImpl&quot; is null" type="org.opentest4j.AssertionFailedError"><![CDATA[org.opentest4j.AssertionFailedError: Exception thrown during safeOperation: Cannot invoke "com.edgaritzak.gradeManagerSystem.service.SystemUserServiceImpl.findStudentById(int)" because "this.systemUserImpl" is null
	at org.junit.jupiter.api.AssertionUtils.fail(AssertionUtils.java:38)
	at org.junit.jupiter.api.Assertions.fail(Assertions.java:138)
	at SystemUserTest.test_SystemUser_findStudentById(SystemUserTest.java:37)
	at java.base/java.lang.reflect.Method.invoke(Method.java:580)
	at java.base/java.util.ArrayList.forEach(ArrayList.java:1596)
	at java.base/java.util.ArrayList.forEach(ArrayList.java:1596)
]]></failure>
  </testcase>
</testsuite>